The system is: Linux - 4.13.12-1-zen - x86_64
Compiling the C compiler identification source file "CMakeCCompilerId.c" succeeded.
Compiler: /usr/bin/cc 
Build flags: 
Id flags:  

The output was:
0


Compilation of the C compiler identification source "CMakeCCompilerId.c" produced "a.out"

The C compiler identification is GNU, found in "/home/xirov/sdu/dm842/ninja-castle-game/src/freeglut/CMakeFiles/3.9.6/CompilerIdC/a.out"

Compiling the CXX compiler identification source file "CMakeCXXCompilerId.cpp" succeeded.
Compiler: /usr/bin/c++ 
Build flags: 
Id flags:  

The output was:
0


Compilation of the CXX compiler identification source "CMakeCXXCompilerId.cpp" produced "a.out"

The CXX compiler identification is GNU, found in "/home/xirov/sdu/dm842/ninja-castle-game/src/freeglut/CMakeFiles/3.9.6/CompilerIdCXX/a.out"

Determining if the C compiler works passed with the following output:
Change Dir: /home/xirov/sdu/dm842/ninja-castle-game/src/freeglut/CMakeFiles/CMakeTmp

Run Build Command:"/usr/bin/make" "cmTC_8b27f/fast"
/usr/bin/make -f CMakeFiles/cmTC_8b27f.dir/build.make CMakeFiles/cmTC_8b27f.dir/build
make[1]: Entering directory '/home/xirov/sdu/dm842/ninja-castle-game/src/freeglut/CMakeFiles/CMakeTmp'
Building C object CMakeFiles/cmTC_8b27f.dir/testCCompiler.c.o
/usr/bin/cc    -o CMakeFiles/cmTC_8b27f.dir/testCCompiler.c.o   -c /home/xirov/sdu/dm842/ninja-castle-game/src/freeglut/CMakeFiles/CMakeTmp/testCCompiler.c
Linking C executable cmTC_8b27f
/usr/bin/cmake -E cmake_link_script CMakeFiles/cmTC_8b27f.dir/link.txt --verbose=1
/usr/bin/cc      -rdynamic CMakeFiles/cmTC_8b27f.dir/testCCompiler.c.o  -o cmTC_8b27f 
make[1]: Leaving directory '/home/xirov/sdu/dm842/ninja-castle-game/src/freeglut/CMakeFiles/CMakeTmp'


Detecting C compiler ABI info compiled with the following output:
Change Dir: /home/xirov/sdu/dm842/ninja-castle-game/src/freeglut/CMakeFiles/CMakeTmp

Run Build Command:"/usr/bin/make" "cmTC_df08b/fast"
/usr/bin/make -f CMakeFiles/cmTC_df08b.dir/build.make CMakeFiles/cmTC_df08b.dir/build
make[1]: Entering directory '/home/xirov/sdu/dm842/ninja-castle-game/src/freeglut/CMakeFiles/CMakeTmp'
Building C object CMakeFiles/cmTC_df08b.dir/CMakeCCompilerABI.c.o
/usr/bin/cc    -o CMakeFiles/cmTC_df08b.dir/CMakeCCompilerABI.c.o   -c /usr/share/cmake-3.9/Modules/CMakeCCompilerABI.c
Linking C executable cmTC_df08b
/usr/bin/cmake -E cmake_link_script CMakeFiles/cmTC_df08b.dir/link.txt --verbose=1
/usr/bin/cc     -v -rdynamic CMakeFiles/cmTC_df08b.dir/CMakeCCompilerABI.c.o  -o cmTC_df08b 
Using built-in specs.
COLLECT_GCC=/usr/bin/cc
COLLECT_LTO_WRAPPER=/usr/lib/gcc/x86_64-pc-linux-gnu/7.2.0/lto-wrapper
Target: x86_64-pc-linux-gnu
Configured with: /build/gcc-multilib/src/gcc/configure --prefix=/usr --libdir=/usr/lib --libexecdir=/usr/lib --mandir=/usr/share/man --infodir=/usr/share/info --with-bugurl=https://bugs.archlinux.org/ --enable-languages=c,c++,ada,fortran,go,lto,objc,obj-c++ --enable-shared --enable-threads=posix --enable-libmpx --with-system-zlib --with-isl --enable-__cxa_atexit --disable-libunwind-exceptions --enable-clocale=gnu --disable-libstdcxx-pch --disable-libssp --enable-gnu-unique-object --enable-linker-build-id --enable-lto --enable-plugin --enable-install-libiberty --with-linker-hash-style=gnu --enable-gnu-indirect-function --enable-multilib --disable-werror --enable-checking=release --enable-default-pie --enable-default-ssp
Thread model: posix
gcc version 7.2.0 (GCC) 
COMPILER_PATH=/usr/lib/gcc/x86_64-pc-linux-gnu/7.2.0/:/usr/lib/gcc/x86_64-pc-linux-gnu/7.2.0/:/usr/lib/gcc/x86_64-pc-linux-gnu/:/usr/lib/gcc/x86_64-pc-linux-gnu/7.2.0/:/usr/lib/gcc/x86_64-pc-linux-gnu/
LIBRARY_PATH=/usr/lib/gcc/x86_64-pc-linux-gnu/7.2.0/:/usr/lib/gcc/x86_64-pc-linux-gnu/7.2.0/../../../../lib/:/lib/../lib/:/usr/lib/../lib/:/usr/lib/gcc/x86_64-pc-linux-gnu/7.2.0/../../../:/lib/:/usr/lib/
COLLECT_GCC_OPTIONS='-v' '-rdynamic' '-o' 'cmTC_df08b' '-mtune=generic' '-march=x86-64'
 /usr/lib/gcc/x86_64-pc-linux-gnu/7.2.0/collect2 -plugin /usr/lib/gcc/x86_64-pc-linux-gnu/7.2.0/liblto_plugin.so -plugin-opt=/usr/lib/gcc/x86_64-pc-linux-gnu/7.2.0/lto-wrapper -plugin-opt=-fresolution=/tmp/ccBkeeoW.res -plugin-opt=-pass-through=-lgcc -plugin-opt=-pass-through=-lgcc_s -plugin-opt=-pass-through=-lc -plugin-opt=-pass-through=-lgcc -plugin-opt=-pass-through=-lgcc_s --build-id --eh-frame-hdr --hash-style=gnu -m elf_x86_64 -export-dynamic -dynamic-linker /lib64/ld-linux-x86-64.so.2 -pie -o cmTC_df08b /usr/lib/gcc/x86_64-pc-linux-gnu/7.2.0/../../../../lib/Scrt1.o /usr/lib/gcc/x86_64-pc-linux-gnu/7.2.0/../../../../lib/crti.o /usr/lib/gcc/x86_64-pc-linux-gnu/7.2.0/crtbeginS.o -L/usr/lib/gcc/x86_64-pc-linux-gnu/7.2.0 -L/usr/lib/gcc/x86_64-pc-linux-gnu/7.2.0/../../../../lib -L/lib/../lib -L/usr/lib/../lib -L/usr/lib/gcc/x86_64-pc-linux-gnu/7.2.0/../../.. CMakeFiles/cmTC_df08b.dir/CMakeCCompilerABI.c.o -lgcc --as-needed -lgcc_s --no-as-needed -lc -lgcc --as-needed -lgcc_s --no-as-needed /usr/lib/gcc/x86_64-pc-linux-gnu/7.2.0/crtendS.o /usr/lib/gcc/x86_64-pc-linux-gnu/7.2.0/../../../../lib/crtn.o
COLLECT_GCC_OPTIONS='-v' '-rdynamic' '-o' 'cmTC_df08b' '-mtune=generic' '-march=x86-64'
make[1]: Leaving directory '/home/xirov/sdu/dm842/ninja-castle-game/src/freeglut/CMakeFiles/CMakeTmp'


Parsed C implicit link information from above output:
  link line regex: [^( *|.*[/\])(ld|CMAKE_LINK_STARTFILE-NOTFOUND|([^/\]+-)?ld|collect2)[^/\]*( |$)]
  ignore line: [Change Dir: /home/xirov/sdu/dm842/ninja-castle-game/src/freeglut/CMakeFiles/CMakeTmp]
  ignore line: []
  ignore line: [Run Build Command:"/usr/bin/make" "cmTC_df08b/fast"]
  ignore line: [/usr/bin/make -f CMakeFiles/cmTC_df08b.dir/build.make CMakeFiles/cmTC_df08b.dir/build]
  ignore line: [make[1]: Entering directory '/home/xirov/sdu/dm842/ninja-castle-game/src/freeglut/CMakeFiles/CMakeTmp']
  ignore line: [Building C object CMakeFiles/cmTC_df08b.dir/CMakeCCompilerABI.c.o]
  ignore line: [/usr/bin/cc    -o CMakeFiles/cmTC_df08b.dir/CMakeCCompilerABI.c.o   -c /usr/share/cmake-3.9/Modules/CMakeCCompilerABI.c]
  ignore line: [Linking C executable cmTC_df08b]
  ignore line: [/usr/bin/cmake -E cmake_link_script CMakeFiles/cmTC_df08b.dir/link.txt --verbose=1]
  ignore line: [/usr/bin/cc     -v -rdynamic CMakeFiles/cmTC_df08b.dir/CMakeCCompilerABI.c.o  -o cmTC_df08b ]
  ignore line: [Using built-in specs.]
  ignore line: [COLLECT_GCC=/usr/bin/cc]
  ignore line: [COLLECT_LTO_WRAPPER=/usr/lib/gcc/x86_64-pc-linux-gnu/7.2.0/lto-wrapper]
  ignore line: [Target: x86_64-pc-linux-gnu]
  ignore line: [Configured with: /build/gcc-multilib/src/gcc/configure --prefix=/usr --libdir=/usr/lib --libexecdir=/usr/lib --mandir=/usr/share/man --infodir=/usr/share/info --with-bugurl=https://bugs.archlinux.org/ --enable-languages=c,c++,ada,fortran,go,lto,objc,obj-c++ --enable-shared --enable-threads=posix --enable-libmpx --with-system-zlib --with-isl --enable-__cxa_atexit --disable-libunwind-exceptions --enable-clocale=gnu --disable-libstdcxx-pch --disable-libssp --enable-gnu-unique-object --enable-linker-build-id --enable-lto --enable-plugin --enable-install-libiberty --with-linker-hash-style=gnu --enable-gnu-indirect-function --enable-multilib --disable-werror --enable-checking=release --enable-default-pie --enable-default-ssp]
  ignore line: [Thread model: posix]
  ignore line: [gcc version 7.2.0 (GCC) ]
  ignore line: [COMPILER_PATH=/usr/lib/gcc/x86_64-pc-linux-gnu/7.2.0/:/usr/lib/gcc/x86_64-pc-linux-gnu/7.2.0/:/usr/lib/gcc/x86_64-pc-linux-gnu/:/usr/lib/gcc/x86_64-pc-linux-gnu/7.2.0/:/usr/lib/gcc/x86_64-pc-linux-gnu/]
  ignore line: [LIBRARY_PATH=/usr/lib/gcc/x86_64-pc-linux-gnu/7.2.0/:/usr/lib/gcc/x86_64-pc-linux-gnu/7.2.0/../../../../lib/:/lib/../lib/:/usr/lib/../lib/:/usr/lib/gcc/x86_64-pc-linux-gnu/7.2.0/../../../:/lib/:/usr/lib/]
  ignore line: [COLLECT_GCC_OPTIONS='-v' '-rdynamic' '-o' 'cmTC_df08b' '-mtune=generic' '-march=x86-64']
  link line: [ /usr/lib/gcc/x86_64-pc-linux-gnu/7.2.0/collect2 -plugin /usr/lib/gcc/x86_64-pc-linux-gnu/7.2.0/liblto_plugin.so -plugin-opt=/usr/lib/gcc/x86_64-pc-linux-gnu/7.2.0/lto-wrapper -plugin-opt=-fresolution=/tmp/ccBkeeoW.res -plugin-opt=-pass-through=-lgcc -plugin-opt=-pass-through=-lgcc_s -plugin-opt=-pass-through=-lc -plugin-opt=-pass-through=-lgcc -plugin-opt=-pass-through=-lgcc_s --build-id --eh-frame-hdr --hash-style=gnu -m elf_x86_64 -export-dynamic -dynamic-linker /lib64/ld-linux-x86-64.so.2 -pie -o cmTC_df08b /usr/lib/gcc/x86_64-pc-linux-gnu/7.2.0/../../../../lib/Scrt1.o /usr/lib/gcc/x86_64-pc-linux-gnu/7.2.0/../../../../lib/crti.o /usr/lib/gcc/x86_64-pc-linux-gnu/7.2.0/crtbeginS.o -L/usr/lib/gcc/x86_64-pc-linux-gnu/7.2.0 -L/usr/lib/gcc/x86_64-pc-linux-gnu/7.2.0/../../../../lib -L/lib/../lib -L/usr/lib/../lib -L/usr/lib/gcc/x86_64-pc-linux-gnu/7.2.0/../../.. CMakeFiles/cmTC_df08b.dir/CMakeCCompilerABI.c.o -lgcc --as-needed -lgcc_s --no-as-needed -lc -lgcc --as-needed -lgcc_s --no-as-needed /usr/lib/gcc/x86_64-pc-linux-gnu/7.2.0/crtendS.o /usr/lib/gcc/x86_64-pc-linux-gnu/7.2.0/../../../../lib/crtn.o]
    arg [/usr/lib/gcc/x86_64-pc-linux-gnu/7.2.0/collect2] ==> ignore
    arg [-plugin] ==> ignore
    arg [/usr/lib/gcc/x86_64-pc-linux-gnu/7.2.0/liblto_plugin.so] ==> ignore
    arg [-plugin-opt=/usr/lib/gcc/x86_64-pc-linux-gnu/7.2.0/lto-wrapper] ==> ignore
    arg [-plugin-opt=-fresolution=/tmp/ccBkeeoW.res] ==> ignore
    arg [-plugin-opt=-pass-through=-lgcc] ==> ignore
    arg [-plugin-opt=-pass-through=-lgcc_s] ==> ignore
    arg [-plugin-opt=-pass-through=-lc] ==> ignore
    arg [-plugin-opt=-pass-through=-lgcc] ==> ignore
    arg [-plugin-opt=-pass-through=-lgcc_s] ==> ignore
    arg [--build-id] ==> ignore
    arg [--eh-frame-hdr] ==> ignore
    arg [--hash-style=gnu] ==> ignore
    arg [-m] ==> ignore
    arg [elf_x86_64] ==> ignore
    arg [-export-dynamic] ==> ignore
    arg [-dynamic-linker] ==> ignore
    arg [/lib64/ld-linux-x86-64.so.2] ==> ignore
    arg [-pie] ==> ignore
    arg [-o] ==> ignore
    arg [cmTC_df08b] ==> ignore
    arg [/usr/lib/gcc/x86_64-pc-linux-gnu/7.2.0/../../../../lib/Scrt1.o] ==> ignore
    arg [/usr/lib/gcc/x86_64-pc-linux-gnu/7.2.0/../../../../lib/crti.o] ==> ignore
    arg [/usr/lib/gcc/x86_64-pc-linux-gnu/7.2.0/crtbeginS.o] ==> ignore
    arg [-L/usr/lib/gcc/x86_64-pc-linux-gnu/7.2.0] ==> dir [/usr/lib/gcc/x86_64-pc-linux-gnu/7.2.0]
    arg [-L/usr/lib/gcc/x86_64-pc-linux-gnu/7.2.0/../../../../lib] ==> dir [/usr/lib/gcc/x86_64-pc-linux-gnu/7.2.0/../../../../lib]
    arg [-L/lib/../lib] ==> dir [/lib/../lib]
    arg [-L/usr/lib/../lib] ==> dir [/usr/lib/../lib]
    arg [-L/usr/lib/gcc/x86_64-pc-linux-gnu/7.2.0/../../..] ==> dir [/usr/lib/gcc/x86_64-pc-linux-gnu/7.2.0/../../..]
    arg [CMakeFiles/cmTC_df08b.dir/CMakeCCompilerABI.c.o] ==> ignore
    arg [-lgcc] ==> lib [gcc]
    arg [--as-needed] ==> ignore
    arg [-lgcc_s] ==> lib [gcc_s]
    arg [--no-as-needed] ==> ignore
    arg [-lc] ==> lib [c]
    arg [-lgcc] ==> lib [gcc]
    arg [--as-needed] ==> ignore
    arg [-lgcc_s] ==> lib [gcc_s]
    arg [--no-as-needed] ==> ignore
    arg [/usr/lib/gcc/x86_64-pc-linux-gnu/7.2.0/crtendS.o] ==> ignore
    arg [/usr/lib/gcc/x86_64-pc-linux-gnu/7.2.0/../../../../lib/crtn.o] ==> ignore
  collapse library dir [/usr/lib/gcc/x86_64-pc-linux-gnu/7.2.0] ==> [/usr/lib/gcc/x86_64-pc-linux-gnu/7.2.0]
  collapse library dir [/usr/lib/gcc/x86_64-pc-linux-gnu/7.2.0/../../../../lib] ==> [/usr/lib]
  collapse library dir [/lib/../lib] ==> [/lib]
  collapse library dir [/usr/lib/../lib] ==> [/usr/lib]
  collapse library dir [/usr/lib/gcc/x86_64-pc-linux-gnu/7.2.0/../../..] ==> [/usr/lib]
  implicit libs: [gcc;gcc_s;c;gcc;gcc_s]
  implicit dirs: [/usr/lib/gcc/x86_64-pc-linux-gnu/7.2.0;/usr/lib;/lib]
  implicit fwks: []




Detecting C [-std=c11] compiler features compiled with the following output:
Change Dir: /home/xirov/sdu/dm842/ninja-castle-game/src/freeglut/CMakeFiles/CMakeTmp

Run Build Command:"/usr/bin/make" "cmTC_bf106/fast"
/usr/bin/make -f CMakeFiles/cmTC_bf106.dir/build.make CMakeFiles/cmTC_bf106.dir/build
make[1]: Entering directory '/home/xirov/sdu/dm842/ninja-castle-game/src/freeglut/CMakeFiles/CMakeTmp'
Building C object CMakeFiles/cmTC_bf106.dir/feature_tests.c.o
/usr/bin/cc   -std=c11 -o CMakeFiles/cmTC_bf106.dir/feature_tests.c.o   -c /home/xirov/sdu/dm842/ninja-castle-game/src/freeglut/CMakeFiles/feature_tests.c
Linking C executable cmTC_bf106
/usr/bin/cmake -E cmake_link_script CMakeFiles/cmTC_bf106.dir/link.txt --verbose=1
/usr/bin/cc      -rdynamic CMakeFiles/cmTC_bf106.dir/feature_tests.c.o  -o cmTC_bf106 
make[1]: Leaving directory '/home/xirov/sdu/dm842/ninja-castle-game/src/freeglut/CMakeFiles/CMakeTmp'


    Feature record: C_FEATURE:1c_function_prototypes
    Feature record: C_FEATURE:1c_restrict
    Feature record: C_FEATURE:1c_static_assert
    Feature record: C_FEATURE:1c_variadic_macros


Detecting C [-std=c99] compiler features compiled with the following output:
Change Dir: /home/xirov/sdu/dm842/ninja-castle-game/src/freeglut/CMakeFiles/CMakeTmp

Run Build Command:"/usr/bin/make" "cmTC_6e233/fast"
/usr/bin/make -f CMakeFiles/cmTC_6e233.dir/build.make CMakeFiles/cmTC_6e233.dir/build
make[1]: Entering directory '/home/xirov/sdu/dm842/ninja-castle-game/src/freeglut/CMakeFiles/CMakeTmp'
Building C object CMakeFiles/cmTC_6e233.dir/feature_tests.c.o
/usr/bin/cc   -std=c99 -o CMakeFiles/cmTC_6e233.dir/feature_tests.c.o   -c /home/xirov/sdu/dm842/ninja-castle-game/src/freeglut/CMakeFiles/feature_tests.c
Linking C executable cmTC_6e233
/usr/bin/cmake -E cmake_link_script CMakeFiles/cmTC_6e233.dir/link.txt --verbose=1
/usr/bin/cc      -rdynamic CMakeFiles/cmTC_6e233.dir/feature_tests.c.o  -o cmTC_6e233 
make[1]: Leaving directory '/home/xirov/sdu/dm842/ninja-castle-game/src/freeglut/CMakeFiles/CMakeTmp'


    Feature record: C_FEATURE:1c_function_prototypes
    Feature record: C_FEATURE:1c_restrict
    Feature record: C_FEATURE:0c_static_assert
    Feature record: C_FEATURE:1c_variadic_macros


Detecting C [-std=c90] compiler features compiled with the following output:
Change Dir: /home/xirov/sdu/dm842/ninja-castle-game/src/freeglut/CMakeFiles/CMakeTmp

Run Build Command:"/usr/bin/make" "cmTC_75895/fast"
/usr/bin/make -f CMakeFiles/cmTC_75895.dir/build.make CMakeFiles/cmTC_75895.dir/build
make[1]: Entering directory '/home/xirov/sdu/dm842/ninja-castle-game/src/freeglut/CMakeFiles/CMakeTmp'
Building C object CMakeFiles/cmTC_75895.dir/feature_tests.c.o
/usr/bin/cc   -std=c90 -o CMakeFiles/cmTC_75895.dir/feature_tests.c.o   -c /home/xirov/sdu/dm842/ninja-castle-game/src/freeglut/CMakeFiles/feature_tests.c
Linking C executable cmTC_75895
/usr/bin/cmake -E cmake_link_script CMakeFiles/cmTC_75895.dir/link.txt --verbose=1
/usr/bin/cc      -rdynamic CMakeFiles/cmTC_75895.dir/feature_tests.c.o  -o cmTC_75895 
make[1]: Leaving directory '/home/xirov/sdu/dm842/ninja-castle-game/src/freeglut/CMakeFiles/CMakeTmp'


    Feature record: C_FEATURE:1c_function_prototypes
    Feature record: C_FEATURE:0c_restrict
    Feature record: C_FEATURE:0c_static_assert
    Feature record: C_FEATURE:0c_variadic_macros
Determining if the CXX compiler works passed with the following output:
Change Dir: /home/xirov/sdu/dm842/ninja-castle-game/src/freeglut/CMakeFiles/CMakeTmp

Run Build Command:"/usr/bin/make" "cmTC_d4073/fast"
/usr/bin/make -f CMakeFiles/cmTC_d4073.dir/build.make CMakeFiles/cmTC_d4073.dir/build
make[1]: Entering directory '/home/xirov/sdu/dm842/ninja-castle-game/src/freeglut/CMakeFiles/CMakeTmp'
Building CXX object CMakeFiles/cmTC_d4073.dir/testCXXCompiler.cxx.o
/usr/bin/c++     -o CMakeFiles/cmTC_d4073.dir/testCXXCompiler.cxx.o -c /home/xirov/sdu/dm842/ninja-castle-game/src/freeglut/CMakeFiles/CMakeTmp/testCXXCompiler.cxx
Linking CXX executable cmTC_d4073
/usr/bin/cmake -E cmake_link_script CMakeFiles/cmTC_d4073.dir/link.txt --verbose=1
/usr/bin/c++       -rdynamic CMakeFiles/cmTC_d4073.dir/testCXXCompiler.cxx.o  -o cmTC_d4073 
make[1]: Leaving directory '/home/xirov/sdu/dm842/ninja-castle-game/src/freeglut/CMakeFiles/CMakeTmp'


Detecting CXX compiler ABI info compiled with the following output:
Change Dir: /home/xirov/sdu/dm842/ninja-castle-game/src/freeglut/CMakeFiles/CMakeTmp

Run Build Command:"/usr/bin/make" "cmTC_74602/fast"
/usr/bin/make -f CMakeFiles/cmTC_74602.dir/build.make CMakeFiles/cmTC_74602.dir/build
make[1]: Entering directory '/home/xirov/sdu/dm842/ninja-castle-game/src/freeglut/CMakeFiles/CMakeTmp'
Building CXX object CMakeFiles/cmTC_74602.dir/CMakeCXXCompilerABI.cpp.o
/usr/bin/c++     -o CMakeFiles/cmTC_74602.dir/CMakeCXXCompilerABI.cpp.o -c /usr/share/cmake-3.9/Modules/CMakeCXXCompilerABI.cpp
Linking CXX executable cmTC_74602
/usr/bin/cmake -E cmake_link_script CMakeFiles/cmTC_74602.dir/link.txt --verbose=1
/usr/bin/c++      -v -rdynamic CMakeFiles/cmTC_74602.dir/CMakeCXXCompilerABI.cpp.o  -o cmTC_74602 
Using built-in specs.
COLLECT_GCC=/usr/bin/c++
COLLECT_LTO_WRAPPER=/usr/lib/gcc/x86_64-pc-linux-gnu/7.2.0/lto-wrapper
Target: x86_64-pc-linux-gnu
Configured with: /build/gcc-multilib/src/gcc/configure --prefix=/usr --libdir=/usr/lib --libexecdir=/usr/lib --mandir=/usr/share/man --infodir=/usr/share/info --with-bugurl=https://bugs.archlinux.org/ --enable-languages=c,c++,ada,fortran,go,lto,objc,obj-c++ --enable-shared --enable-threads=posix --enable-libmpx --with-system-zlib --with-isl --enable-__cxa_atexit --disable-libunwind-exceptions --enable-clocale=gnu --disable-libstdcxx-pch --disable-libssp --enable-gnu-unique-object --enable-linker-build-id --enable-lto --enable-plugin --enable-install-libiberty --with-linker-hash-style=gnu --enable-gnu-indirect-function --enable-multilib --disable-werror --enable-checking=release --enable-default-pie --enable-default-ssp
Thread model: posix
gcc version 7.2.0 (GCC) 
COMPILER_PATH=/usr/lib/gcc/x86_64-pc-linux-gnu/7.2.0/:/usr/lib/gcc/x86_64-pc-linux-gnu/7.2.0/:/usr/lib/gcc/x86_64-pc-linux-gnu/:/usr/lib/gcc/x86_64-pc-linux-gnu/7.2.0/:/usr/lib/gcc/x86_64-pc-linux-gnu/
LIBRARY_PATH=/usr/lib/gcc/x86_64-pc-linux-gnu/7.2.0/:/usr/lib/gcc/x86_64-pc-linux-gnu/7.2.0/../../../../lib/:/lib/../lib/:/usr/lib/../lib/:/usr/lib/gcc/x86_64-pc-linux-gnu/7.2.0/../../../:/lib/:/usr/lib/
COLLECT_GCC_OPTIONS='-v' '-rdynamic' '-o' 'cmTC_74602' '-shared-libgcc' '-mtune=generic' '-march=x86-64'
 /usr/lib/gcc/x86_64-pc-linux-gnu/7.2.0/collect2 -plugin /usr/lib/gcc/x86_64-pc-linux-gnu/7.2.0/liblto_plugin.so -plugin-opt=/usr/lib/gcc/x86_64-pc-linux-gnu/7.2.0/lto-wrapper -plugin-opt=-fresolution=/tmp/ccfHOILd.res -plugin-opt=-pass-through=-lgcc_s -plugin-opt=-pass-through=-lgcc -plugin-opt=-pass-through=-lc -plugin-opt=-pass-through=-lgcc_s -plugin-opt=-pass-through=-lgcc --build-id --eh-frame-hdr --hash-style=gnu -m elf_x86_64 -export-dynamic -dynamic-linker /lib64/ld-linux-x86-64.so.2 -pie -o cmTC_74602 /usr/lib/gcc/x86_64-pc-linux-gnu/7.2.0/../../../../lib/Scrt1.o /usr/lib/gcc/x86_64-pc-linux-gnu/7.2.0/../../../../lib/crti.o /usr/lib/gcc/x86_64-pc-linux-gnu/7.2.0/crtbeginS.o -L/usr/lib/gcc/x86_64-pc-linux-gnu/7.2.0 -L/usr/lib/gcc/x86_64-pc-linux-gnu/7.2.0/../../../../lib -L/lib/../lib -L/usr/lib/../lib -L/usr/lib/gcc/x86_64-pc-linux-gnu/7.2.0/../../.. CMakeFiles/cmTC_74602.dir/CMakeCXXCompilerABI.cpp.o -lstdc++ -lm -lgcc_s -lgcc -lc -lgcc_s -lgcc /usr/lib/gcc/x86_64-pc-linux-gnu/7.2.0/crtendS.o /usr/lib/gcc/x86_64-pc-linux-gnu/7.2.0/../../../../lib/crtn.o
COLLECT_GCC_OPTIONS='-v' '-rdynamic' '-o' 'cmTC_74602' '-shared-libgcc' '-mtune=generic' '-march=x86-64'
make[1]: Leaving directory '/home/xirov/sdu/dm842/ninja-castle-game/src/freeglut/CMakeFiles/CMakeTmp'


Parsed CXX implicit link information from above output:
  link line regex: [^( *|.*[/\])(ld|CMAKE_LINK_STARTFILE-NOTFOUND|([^/\]+-)?ld|collect2)[^/\]*( |$)]
  ignore line: [Change Dir: /home/xirov/sdu/dm842/ninja-castle-game/src/freeglut/CMakeFiles/CMakeTmp]
  ignore line: []
  ignore line: [Run Build Command:"/usr/bin/make" "cmTC_74602/fast"]
  ignore line: [/usr/bin/make -f CMakeFiles/cmTC_74602.dir/build.make CMakeFiles/cmTC_74602.dir/build]
  ignore line: [make[1]: Entering directory '/home/xirov/sdu/dm842/ninja-castle-game/src/freeglut/CMakeFiles/CMakeTmp']
  ignore line: [Building CXX object CMakeFiles/cmTC_74602.dir/CMakeCXXCompilerABI.cpp.o]
  ignore line: [/usr/bin/c++     -o CMakeFiles/cmTC_74602.dir/CMakeCXXCompilerABI.cpp.o -c /usr/share/cmake-3.9/Modules/CMakeCXXCompilerABI.cpp]
  ignore line: [Linking CXX executable cmTC_74602]
  ignore line: [/usr/bin/cmake -E cmake_link_script CMakeFiles/cmTC_74602.dir/link.txt --verbose=1]
  ignore line: [/usr/bin/c++      -v -rdynamic CMakeFiles/cmTC_74602.dir/CMakeCXXCompilerABI.cpp.o  -o cmTC_74602 ]
  ignore line: [Using built-in specs.]
  ignore line: [COLLECT_GCC=/usr/bin/c++]
  ignore line: [COLLECT_LTO_WRAPPER=/usr/lib/gcc/x86_64-pc-linux-gnu/7.2.0/lto-wrapper]
  ignore line: [Target: x86_64-pc-linux-gnu]
  ignore line: [Configured with: /build/gcc-multilib/src/gcc/configure --prefix=/usr --libdir=/usr/lib --libexecdir=/usr/lib --mandir=/usr/share/man --infodir=/usr/share/info --with-bugurl=https://bugs.archlinux.org/ --enable-languages=c,c++,ada,fortran,go,lto,objc,obj-c++ --enable-shared --enable-threads=posix --enable-libmpx --with-system-zlib --with-isl --enable-__cxa_atexit --disable-libunwind-exceptions --enable-clocale=gnu --disable-libstdcxx-pch --disable-libssp --enable-gnu-unique-object --enable-linker-build-id --enable-lto --enable-plugin --enable-install-libiberty --with-linker-hash-style=gnu --enable-gnu-indirect-function --enable-multilib --disable-werror --enable-checking=release --enable-default-pie --enable-default-ssp]
  ignore line: [Thread model: posix]
  ignore line: [gcc version 7.2.0 (GCC) ]
  ignore line: [COMPILER_PATH=/usr/lib/gcc/x86_64-pc-linux-gnu/7.2.0/:/usr/lib/gcc/x86_64-pc-linux-gnu/7.2.0/:/usr/lib/gcc/x86_64-pc-linux-gnu/:/usr/lib/gcc/x86_64-pc-linux-gnu/7.2.0/:/usr/lib/gcc/x86_64-pc-linux-gnu/]
  ignore line: [LIBRARY_PATH=/usr/lib/gcc/x86_64-pc-linux-gnu/7.2.0/:/usr/lib/gcc/x86_64-pc-linux-gnu/7.2.0/../../../../lib/:/lib/../lib/:/usr/lib/../lib/:/usr/lib/gcc/x86_64-pc-linux-gnu/7.2.0/../../../:/lib/:/usr/lib/]
  ignore line: [COLLECT_GCC_OPTIONS='-v' '-rdynamic' '-o' 'cmTC_74602' '-shared-libgcc' '-mtune=generic' '-march=x86-64']
  link line: [ /usr/lib/gcc/x86_64-pc-linux-gnu/7.2.0/collect2 -plugin /usr/lib/gcc/x86_64-pc-linux-gnu/7.2.0/liblto_plugin.so -plugin-opt=/usr/lib/gcc/x86_64-pc-linux-gnu/7.2.0/lto-wrapper -plugin-opt=-fresolution=/tmp/ccfHOILd.res -plugin-opt=-pass-through=-lgcc_s -plugin-opt=-pass-through=-lgcc -plugin-opt=-pass-through=-lc -plugin-opt=-pass-through=-lgcc_s -plugin-opt=-pass-through=-lgcc --build-id --eh-frame-hdr --hash-style=gnu -m elf_x86_64 -export-dynamic -dynamic-linker /lib64/ld-linux-x86-64.so.2 -pie -o cmTC_74602 /usr/lib/gcc/x86_64-pc-linux-gnu/7.2.0/../../../../lib/Scrt1.o /usr/lib/gcc/x86_64-pc-linux-gnu/7.2.0/../../../../lib/crti.o /usr/lib/gcc/x86_64-pc-linux-gnu/7.2.0/crtbeginS.o -L/usr/lib/gcc/x86_64-pc-linux-gnu/7.2.0 -L/usr/lib/gcc/x86_64-pc-linux-gnu/7.2.0/../../../../lib -L/lib/../lib -L/usr/lib/../lib -L/usr/lib/gcc/x86_64-pc-linux-gnu/7.2.0/../../.. CMakeFiles/cmTC_74602.dir/CMakeCXXCompilerABI.cpp.o -lstdc++ -lm -lgcc_s -lgcc -lc -lgcc_s -lgcc /usr/lib/gcc/x86_64-pc-linux-gnu/7.2.0/crtendS.o /usr/lib/gcc/x86_64-pc-linux-gnu/7.2.0/../../../../lib/crtn.o]
    arg [/usr/lib/gcc/x86_64-pc-linux-gnu/7.2.0/collect2] ==> ignore
    arg [-plugin] ==> ignore
    arg [/usr/lib/gcc/x86_64-pc-linux-gnu/7.2.0/liblto_plugin.so] ==> ignore
    arg [-plugin-opt=/usr/lib/gcc/x86_64-pc-linux-gnu/7.2.0/lto-wrapper] ==> ignore
    arg [-plugin-opt=-fresolution=/tmp/ccfHOILd.res] ==> ignore
    arg [-plugin-opt=-pass-through=-lgcc_s] ==> ignore
    arg [-plugin-opt=-pass-through=-lgcc] ==> ignore
    arg [-plugin-opt=-pass-through=-lc] ==> ignore
    arg [-plugin-opt=-pass-through=-lgcc_s] ==> ignore
    arg [-plugin-opt=-pass-through=-lgcc] ==> ignore
    arg [--build-id] ==> ignore
    arg [--eh-frame-hdr] ==> ignore
    arg [--hash-style=gnu] ==> ignore
    arg [-m] ==> ignore
    arg [elf_x86_64] ==> ignore
    arg [-export-dynamic] ==> ignore
    arg [-dynamic-linker] ==> ignore
    arg [/lib64/ld-linux-x86-64.so.2] ==> ignore
    arg [-pie] ==> ignore
    arg [-o] ==> ignore
    arg [cmTC_74602] ==> ignore
    arg [/usr/lib/gcc/x86_64-pc-linux-gnu/7.2.0/../../../../lib/Scrt1.o] ==> ignore
    arg [/usr/lib/gcc/x86_64-pc-linux-gnu/7.2.0/../../../../lib/crti.o] ==> ignore
    arg [/usr/lib/gcc/x86_64-pc-linux-gnu/7.2.0/crtbeginS.o] ==> ignore
    arg [-L/usr/lib/gcc/x86_64-pc-linux-gnu/7.2.0] ==> dir [/usr/lib/gcc/x86_64-pc-linux-gnu/7.2.0]
    arg [-L/usr/lib/gcc/x86_64-pc-linux-gnu/7.2.0/../../../../lib] ==> dir [/usr/lib/gcc/x86_64-pc-linux-gnu/7.2.0/../../../../lib]
    arg [-L/lib/../lib] ==> dir [/lib/../lib]
    arg [-L/usr/lib/../lib] ==> dir [/usr/lib/../lib]
    arg [-L/usr/lib/gcc/x86_64-pc-linux-gnu/7.2.0/../../..] ==> dir [/usr/lib/gcc/x86_64-pc-linux-gnu/7.2.0/../../..]
    arg [CMakeFiles/cmTC_74602.dir/CMakeCXXCompilerABI.cpp.o] ==> ignore
    arg [-lstdc++] ==> lib [stdc++]
    arg [-lm] ==> lib [m]
    arg [-lgcc_s] ==> lib [gcc_s]
    arg [-lgcc] ==> lib [gcc]
    arg [-lc] ==> lib [c]
    arg [-lgcc_s] ==> lib [gcc_s]
    arg [-lgcc] ==> lib [gcc]
    arg [/usr/lib/gcc/x86_64-pc-linux-gnu/7.2.0/crtendS.o] ==> ignore
    arg [/usr/lib/gcc/x86_64-pc-linux-gnu/7.2.0/../../../../lib/crtn.o] ==> ignore
  collapse library dir [/usr/lib/gcc/x86_64-pc-linux-gnu/7.2.0] ==> [/usr/lib/gcc/x86_64-pc-linux-gnu/7.2.0]
  collapse library dir [/usr/lib/gcc/x86_64-pc-linux-gnu/7.2.0/../../../../lib] ==> [/usr/lib]
  collapse library dir [/lib/../lib] ==> [/lib]
  collapse library dir [/usr/lib/../lib] ==> [/usr/lib]
  collapse library dir [/usr/lib/gcc/x86_64-pc-linux-gnu/7.2.0/../../..] ==> [/usr/lib]
  implicit libs: [stdc++;m;gcc_s;gcc;c;gcc_s;gcc]
  implicit dirs: [/usr/lib/gcc/x86_64-pc-linux-gnu/7.2.0;/usr/lib;/lib]
  implicit fwks: []




Detecting CXX [-std=c++1z] compiler features compiled with the following output:
Change Dir: /home/xirov/sdu/dm842/ninja-castle-game/src/freeglut/CMakeFiles/CMakeTmp

Run Build Command:"/usr/bin/make" "cmTC_e84b9/fast"
/usr/bin/make -f CMakeFiles/cmTC_e84b9.dir/build.make CMakeFiles/cmTC_e84b9.dir/build
make[1]: Entering directory '/home/xirov/sdu/dm842/ninja-castle-game/src/freeglut/CMakeFiles/CMakeTmp'
Building CXX object CMakeFiles/cmTC_e84b9.dir/feature_tests.cxx.o
/usr/bin/c++    -std=c++1z -o CMakeFiles/cmTC_e84b9.dir/feature_tests.cxx.o -c /home/xirov/sdu/dm842/ninja-castle-game/src/freeglut/CMakeFiles/feature_tests.cxx
Linking CXX executable cmTC_e84b9
/usr/bin/cmake -E cmake_link_script CMakeFiles/cmTC_e84b9.dir/link.txt --verbose=1
/usr/bin/c++       -rdynamic CMakeFiles/cmTC_e84b9.dir/feature_tests.cxx.o  -o cmTC_e84b9 
make[1]: Leaving directory '/home/xirov/sdu/dm842/ninja-castle-game/src/freeglut/CMakeFiles/CMakeTmp'


    Feature record: CXX_FEATURE:1cxx_aggregate_default_initializers
    Feature record: CXX_FEATURE:1cxx_alias_templates
    Feature record: CXX_FEATURE:1cxx_alignas
    Feature record: CXX_FEATURE:1cxx_alignof
    Feature record: CXX_FEATURE:1cxx_attributes
    Feature record: CXX_FEATURE:1cxx_attribute_deprecated
    Feature record: CXX_FEATURE:1cxx_auto_type
    Feature record: CXX_FEATURE:1cxx_binary_literals
    Feature record: CXX_FEATURE:1cxx_constexpr
    Feature record: CXX_FEATURE:1cxx_contextual_conversions
    Feature record: CXX_FEATURE:1cxx_decltype
    Feature record: CXX_FEATURE:1cxx_decltype_auto
    Feature record: CXX_FEATURE:1cxx_decltype_incomplete_return_types
    Feature record: CXX_FEATURE:1cxx_default_function_template_args
    Feature record: CXX_FEATURE:1cxx_defaulted_functions
    Feature record: CXX_FEATURE:1cxx_defaulted_move_initializers
    Feature record: CXX_FEATURE:1cxx_delegating_constructors
    Feature record: CXX_FEATURE:1cxx_deleted_functions
    Feature record: CXX_FEATURE:1cxx_digit_separators
    Feature record: CXX_FEATURE:1cxx_enum_forward_declarations
    Feature record: CXX_FEATURE:1cxx_explicit_conversions
    Feature record: CXX_FEATURE:1cxx_extended_friend_declarations
    Feature record: CXX_FEATURE:1cxx_extern_templates
    Feature record: CXX_FEATURE:1cxx_final
    Feature record: CXX_FEATURE:1cxx_func_identifier
    Feature record: CXX_FEATURE:1cxx_generalized_initializers
    Feature record: CXX_FEATURE:1cxx_generic_lambdas
    Feature record: CXX_FEATURE:1cxx_inheriting_constructors
    Feature record: CXX_FEATURE:1cxx_inline_namespaces
    Feature record: CXX_FEATURE:1cxx_lambdas
    Feature record: CXX_FEATURE:1cxx_lambda_init_captures
    Feature record: CXX_FEATURE:1cxx_local_type_template_args
    Feature record: CXX_FEATURE:1cxx_long_long_type
    Feature record: CXX_FEATURE:1cxx_noexcept
    Feature record: CXX_FEATURE:1cxx_nonstatic_member_init
    Feature record: CXX_FEATURE:1cxx_nullptr
    Feature record: CXX_FEATURE:1cxx_override
    Feature record: CXX_FEATURE:1cxx_range_for
    Feature record: CXX_FEATURE:1cxx_raw_string_literals
    Feature record: CXX_FEATURE:1cxx_reference_qualified_functions
    Feature record: CXX_FEATURE:1cxx_relaxed_constexpr
    Feature record: CXX_FEATURE:1cxx_return_type_deduction
    Feature record: CXX_FEATURE:1cxx_right_angle_brackets
    Feature record: CXX_FEATURE:1cxx_rvalue_references
    Feature record: CXX_FEATURE:1cxx_sizeof_member
    Feature record: CXX_FEATURE:1cxx_static_assert
    Feature record: CXX_FEATURE:1cxx_strong_enums
    Feature record: CXX_FEATURE:1cxx_template_template_parameters
    Feature record: CXX_FEATURE:1cxx_thread_local
    Feature record: CXX_FEATURE:1cxx_trailing_return_types
    Feature record: CXX_FEATURE:1cxx_unicode_literals
    Feature record: CXX_FEATURE:1cxx_uniform_initialization
    Feature record: CXX_FEATURE:1cxx_unrestricted_unions
    Feature record: CXX_FEATURE:1cxx_user_literals
    Feature record: CXX_FEATURE:1cxx_variable_templates
    Feature record: CXX_FEATURE:1cxx_variadic_macros
    Feature record: CXX_FEATURE:1cxx_variadic_templates


Detecting CXX [-std=c++14] compiler features compiled with the following output:
Change Dir: /home/xirov/sdu/dm842/ninja-castle-game/src/freeglut/CMakeFiles/CMakeTmp

Run Build Command:"/usr/bin/make" "cmTC_81f57/fast"
/usr/bin/make -f CMakeFiles/cmTC_81f57.dir/build.make CMakeFiles/cmTC_81f57.dir/build
make[1]: Entering directory '/home/xirov/sdu/dm842/ninja-castle-game/src/freeglut/CMakeFiles/CMakeTmp'
Building CXX object CMakeFiles/cmTC_81f57.dir/feature_tests.cxx.o
/usr/bin/c++    -std=c++14 -o CMakeFiles/cmTC_81f57.dir/feature_tests.cxx.o -c /home/xirov/sdu/dm842/ninja-castle-game/src/freeglut/CMakeFiles/feature_tests.cxx
Linking CXX executable cmTC_81f57
/usr/bin/cmake -E cmake_link_script CMakeFiles/cmTC_81f57.dir/link.txt --verbose=1
/usr/bin/c++       -rdynamic CMakeFiles/cmTC_81f57.dir/feature_tests.cxx.o  -o cmTC_81f57 
make[1]: Leaving directory '/home/xirov/sdu/dm842/ninja-castle-game/src/freeglut/CMakeFiles/CMakeTmp'


    Feature record: CXX_FEATURE:1cxx_aggregate_default_initializers
    Feature record: CXX_FEATURE:1cxx_alias_templates
    Feature record: CXX_FEATURE:1cxx_alignas
    Feature record: CXX_FEATURE:1cxx_alignof
    Feature record: CXX_FEATURE:1cxx_attributes
    Feature record: CXX_FEATURE:1cxx_attribute_deprecated
    Feature record: CXX_FEATURE:1cxx_auto_type
    Feature record: CXX_FEATURE:1cxx_binary_literals
    Feature record: CXX_FEATURE:1cxx_constexpr
    Feature record: CXX_FEATURE:1cxx_contextual_conversions
    Feature record: CXX_FEATURE:1cxx_decltype
    Feature record: CXX_FEATURE:1cxx_decltype_auto
    Feature record: CXX_FEATURE:1cxx_decltype_incomplete_return_types
    Feature record: CXX_FEATURE:1cxx_default_function_template_args
    Feature record: CXX_FEATURE:1cxx_defaulted_functions
    Feature record: CXX_FEATURE:1cxx_defaulted_move_initializers
    Feature record: CXX_FEATURE:1cxx_delegating_constructors
    Feature record: CXX_FEATURE:1cxx_deleted_functions
    Feature record: CXX_FEATURE:1cxx_digit_separators
    Feature record: CXX_FEATURE:1cxx_enum_forward_declarations
    Feature record: CXX_FEATURE:1cxx_explicit_conversions
    Feature record: CXX_FEATURE:1cxx_extended_friend_declarations
    Feature record: CXX_FEATURE:1cxx_extern_templates
    Feature record: CXX_FEATURE:1cxx_final
    Feature record: CXX_FEATURE:1cxx_func_identifier
    Feature record: CXX_FEATURE:1cxx_generalized_initializers
    Feature record: CXX_FEATURE:1cxx_generic_lambdas
    Feature record: CXX_FEATURE:1cxx_inheriting_constructors
    Feature record: CXX_FEATURE:1cxx_inline_namespaces
    Feature record: CXX_FEATURE:1cxx_lambdas
    Feature record: CXX_FEATURE:1cxx_lambda_init_captures
    Feature record: CXX_FEATURE:1cxx_local_type_template_args
    Feature record: CXX_FEATURE:1cxx_long_long_type
    Feature record: CXX_FEATURE:1cxx_noexcept
    Feature record: CXX_FEATURE:1cxx_nonstatic_member_init
    Feature record: CXX_FEATURE:1cxx_nullptr
    Feature record: CXX_FEATURE:1cxx_override
    Feature record: CXX_FEATURE:1cxx_range_for
    Feature record: CXX_FEATURE:1cxx_raw_string_literals
    Feature record: CXX_FEATURE:1cxx_reference_qualified_functions
    Feature record: CXX_FEATURE:1cxx_relaxed_constexpr
    Feature record: CXX_FEATURE:1cxx_return_type_deduction
    Feature record: CXX_FEATURE:1cxx_right_angle_brackets
    Feature record: CXX_FEATURE:1cxx_rvalue_references
    Feature record: CXX_FEATURE:1cxx_sizeof_member
    Feature record: CXX_FEATURE:1cxx_static_assert
    Feature record: CXX_FEATURE:1cxx_strong_enums
    Feature record: CXX_FEATURE:1cxx_template_template_parameters
    Feature record: CXX_FEATURE:1cxx_thread_local
    Feature record: CXX_FEATURE:1cxx_trailing_return_types
    Feature record: CXX_FEATURE:1cxx_unicode_literals
    Feature record: CXX_FEATURE:1cxx_uniform_initialization
    Feature record: CXX_FEATURE:1cxx_unrestricted_unions
    Feature record: CXX_FEATURE:1cxx_user_literals
    Feature record: CXX_FEATURE:1cxx_variable_templates
    Feature record: CXX_FEATURE:1cxx_variadic_macros
    Feature record: CXX_FEATURE:1cxx_variadic_templates


Detecting CXX [-std=c++11] compiler features compiled with the following output:
Change Dir: /home/xirov/sdu/dm842/ninja-castle-game/src/freeglut/CMakeFiles/CMakeTmp

Run Build Command:"/usr/bin/make" "cmTC_78ae3/fast"
/usr/bin/make -f CMakeFiles/cmTC_78ae3.dir/build.make CMakeFiles/cmTC_78ae3.dir/build
make[1]: Entering directory '/home/xirov/sdu/dm842/ninja-castle-game/src/freeglut/CMakeFiles/CMakeTmp'
Building CXX object CMakeFiles/cmTC_78ae3.dir/feature_tests.cxx.o
/usr/bin/c++    -std=c++11 -o CMakeFiles/cmTC_78ae3.dir/feature_tests.cxx.o -c /home/xirov/sdu/dm842/ninja-castle-game/src/freeglut/CMakeFiles/feature_tests.cxx
Linking CXX executable cmTC_78ae3
/usr/bin/cmake -E cmake_link_script CMakeFiles/cmTC_78ae3.dir/link.txt --verbose=1
/usr/bin/c++       -rdynamic CMakeFiles/cmTC_78ae3.dir/feature_tests.cxx.o  -o cmTC_78ae3 
make[1]: Leaving directory '/home/xirov/sdu/dm842/ninja-castle-game/src/freeglut/CMakeFiles/CMakeTmp'


    Feature record: CXX_FEATURE:0cxx_aggregate_default_initializers
    Feature record: CXX_FEATURE:1cxx_alias_templates
    Feature record: CXX_FEATURE:1cxx_alignas
    Feature record: CXX_FEATURE:1cxx_alignof
    Feature record: CXX_FEATURE:1cxx_attributes
    Feature record: CXX_FEATURE:0cxx_attribute_deprecated
    Feature record: CXX_FEATURE:1cxx_auto_type
    Feature record: CXX_FEATURE:0cxx_binary_literals
    Feature record: CXX_FEATURE:1cxx_constexpr
    Feature record: CXX_FEATURE:0cxx_contextual_conversions
    Feature record: CXX_FEATURE:1cxx_decltype
    Feature record: CXX_FEATURE:0cxx_decltype_auto
    Feature record: CXX_FEATURE:1cxx_decltype_incomplete_return_types
    Feature record: CXX_FEATURE:1cxx_default_function_template_args
    Feature record: CXX_FEATURE:1cxx_defaulted_functions
    Feature record: CXX_FEATURE:1cxx_defaulted_move_initializers
    Feature record: CXX_FEATURE:1cxx_delegating_constructors
    Feature record: CXX_FEATURE:1cxx_deleted_functions
    Feature record: CXX_FEATURE:0cxx_digit_separators
    Feature record: CXX_FEATURE:1cxx_enum_forward_declarations
    Feature record: CXX_FEATURE:1cxx_explicit_conversions
    Feature record: CXX_FEATURE:1cxx_extended_friend_declarations
    Feature record: CXX_FEATURE:1cxx_extern_templates
    Feature record: CXX_FEATURE:1cxx_final
    Feature record: CXX_FEATURE:1cxx_func_identifier
    Feature record: CXX_FEATURE:1cxx_generalized_initializers
    Feature record: CXX_FEATURE:0cxx_generic_lambdas
    Feature record: CXX_FEATURE:1cxx_inheriting_constructors
    Feature record: CXX_FEATURE:1cxx_inline_namespaces
    Feature record: CXX_FEATURE:1cxx_lambdas
    Feature record: CXX_FEATURE:0cxx_lambda_init_captures
    Feature record: CXX_FEATURE:1cxx_local_type_template_args
    Feature record: CXX_FEATURE:1cxx_long_long_type
    Feature record: CXX_FEATURE:1cxx_noexcept
    Feature record: CXX_FEATURE:1cxx_nonstatic_member_init
    Feature record: CXX_FEATURE:1cxx_nullptr
    Feature record: CXX_FEATURE:1cxx_override
    Feature record: CXX_FEATURE:1cxx_range_for
    Feature record: CXX_FEATURE:1cxx_raw_string_literals
    Feature record: CXX_FEATURE:1cxx_reference_qualified_functions
    Feature record: CXX_FEATURE:0cxx_relaxed_constexpr
    Feature record: CXX_FEATURE:0cxx_return_type_deduction
    Feature record: CXX_FEATURE:1cxx_right_angle_brackets
    Feature record: CXX_FEATURE:1cxx_rvalue_references
    Feature record: CXX_FEATURE:1cxx_sizeof_member
    Feature record: CXX_FEATURE:1cxx_static_assert
    Feature record: CXX_FEATURE:1cxx_strong_enums
    Feature record: CXX_FEATURE:1cxx_template_template_parameters
    Feature record: CXX_FEATURE:1cxx_thread_local
    Feature record: CXX_FEATURE:1cxx_trailing_return_types
    Feature record: CXX_FEATURE:1cxx_unicode_literals
    Feature record: CXX_FEATURE:1cxx_uniform_initialization
    Feature record: CXX_FEATURE:1cxx_unrestricted_unions
    Feature record: CXX_FEATURE:1cxx_user_literals
    Feature record: CXX_FEATURE:0cxx_variable_templates
    Feature record: CXX_FEATURE:1cxx_variadic_macros
    Feature record: CXX_FEATURE:1cxx_variadic_templates


Detecting CXX [-std=c++98] compiler features compiled with the following output:
Change Dir: /home/xirov/sdu/dm842/ninja-castle-game/src/freeglut/CMakeFiles/CMakeTmp

Run Build Command:"/usr/bin/make" "cmTC_87c6c/fast"
/usr/bin/make -f CMakeFiles/cmTC_87c6c.dir/build.make CMakeFiles/cmTC_87c6c.dir/build
make[1]: Entering directory '/home/xirov/sdu/dm842/ninja-castle-game/src/freeglut/CMakeFiles/CMakeTmp'
Building CXX object CMakeFiles/cmTC_87c6c.dir/feature_tests.cxx.o
/usr/bin/c++    -std=c++98 -o CMakeFiles/cmTC_87c6c.dir/feature_tests.cxx.o -c /home/xirov/sdu/dm842/ninja-castle-game/src/freeglut/CMakeFiles/feature_tests.cxx
Linking CXX executable cmTC_87c6c
/usr/bin/cmake -E cmake_link_script CMakeFiles/cmTC_87c6c.dir/link.txt --verbose=1
/usr/bin/c++       -rdynamic CMakeFiles/cmTC_87c6c.dir/feature_tests.cxx.o  -o cmTC_87c6c 
make[1]: Leaving directory '/home/xirov/sdu/dm842/ninja-castle-game/src/freeglut/CMakeFiles/CMakeTmp'


    Feature record: CXX_FEATURE:0cxx_aggregate_default_initializers
    Feature record: CXX_FEATURE:0cxx_alias_templates
    Feature record: CXX_FEATURE:0cxx_alignas
    Feature record: CXX_FEATURE:0cxx_alignof
    Feature record: CXX_FEATURE:0cxx_attributes
    Feature record: CXX_FEATURE:0cxx_attribute_deprecated
    Feature record: CXX_FEATURE:0cxx_auto_type
    Feature record: CXX_FEATURE:0cxx_binary_literals
    Feature record: CXX_FEATURE:0cxx_constexpr
    Feature record: CXX_FEATURE:0cxx_contextual_conversions
    Feature record: CXX_FEATURE:0cxx_decltype
    Feature record: CXX_FEATURE:0cxx_decltype_auto
    Feature record: CXX_FEATURE:0cxx_decltype_incomplete_return_types
    Feature record: CXX_FEATURE:0cxx_default_function_template_args
    Feature record: CXX_FEATURE:0cxx_defaulted_functions
    Feature record: CXX_FEATURE:0cxx_defaulted_move_initializers
    Feature record: CXX_FEATURE:0cxx_delegating_constructors
    Feature record: CXX_FEATURE:0cxx_deleted_functions
    Feature record: CXX_FEATURE:0cxx_digit_separators
    Feature record: CXX_FEATURE:0cxx_enum_forward_declarations
    Feature record: CXX_FEATURE:0cxx_explicit_conversions
    Feature record: CXX_FEATURE:0cxx_extended_friend_declarations
    Feature record: CXX_FEATURE:0cxx_extern_templates
    Feature record: CXX_FEATURE:0cxx_final
    Feature record: CXX_FEATURE:0cxx_func_identifier
    Feature record: CXX_FEATURE:0cxx_generalized_initializers
    Feature record: CXX_FEATURE:0cxx_generic_lambdas
    Feature record: CXX_FEATURE:0cxx_inheriting_constructors
    Feature record: CXX_FEATURE:0cxx_inline_namespaces
    Feature record: CXX_FEATURE:0cxx_lambdas
    Feature record: CXX_FEATURE:0cxx_lambda_init_captures
    Feature record: CXX_FEATURE:0cxx_local_type_template_args
    Feature record: CXX_FEATURE:0cxx_long_long_type
    Feature record: CXX_FEATURE:0cxx_noexcept
    Feature record: CXX_FEATURE:0cxx_nonstatic_member_init
    Feature record: CXX_FEATURE:0cxx_nullptr
    Feature record: CXX_FEATURE:0cxx_override
    Feature record: CXX_FEATURE:0cxx_range_for
    Feature record: CXX_FEATURE:0cxx_raw_string_literals
    Feature record: CXX_FEATURE:0cxx_reference_qualified_functions
    Feature record: CXX_FEATURE:0cxx_relaxed_constexpr
    Feature record: CXX_FEATURE:0cxx_return_type_deduction
    Feature record: CXX_FEATURE:0cxx_right_angle_brackets
    Feature record: CXX_FEATURE:0cxx_rvalue_references
    Feature record: CXX_FEATURE:0cxx_sizeof_member
    Feature record: CXX_FEATURE:0cxx_static_assert
    Feature record: CXX_FEATURE:0cxx_strong_enums
    Feature record: CXX_FEATURE:1cxx_template_template_parameters
    Feature record: CXX_FEATURE:0cxx_thread_local
    Feature record: CXX_FEATURE:0cxx_trailing_return_types
    Feature record: CXX_FEATURE:0cxx_unicode_literals
    Feature record: CXX_FEATURE:0cxx_uniform_initialization
    Feature record: CXX_FEATURE:0cxx_unrestricted_unions
    Feature record: CXX_FEATURE:0cxx_user_literals
    Feature record: CXX_FEATURE:0cxx_variable_templates
    Feature record: CXX_FEATURE:0cxx_variadic_macros
    Feature record: CXX_FEATURE:0cxx_variadic_templates
Determining if the function XOpenDisplay exists in the /usr/lib/libX11.so;/usr/lib/libXext.so passed with the following output:
Change Dir: /home/xirov/sdu/dm842/ninja-castle-game/src/freeglut/CMakeFiles/CMakeTmp

Run Build Command:"/usr/bin/make" "cmTC_716af/fast"
/usr/bin/make -f CMakeFiles/cmTC_716af.dir/build.make CMakeFiles/cmTC_716af.dir/build
make[1]: Entering directory '/home/xirov/sdu/dm842/ninja-castle-game/src/freeglut/CMakeFiles/CMakeTmp'
Building C object CMakeFiles/cmTC_716af.dir/CheckFunctionExists.c.o
/usr/bin/cc   -Wall -pedantic -DCHECK_FUNCTION_EXISTS=XOpenDisplay   -o CMakeFiles/cmTC_716af.dir/CheckFunctionExists.c.o   -c /usr/share/cmake-3.9/Modules/CheckFunctionExists.c
Linking C executable cmTC_716af
/usr/bin/cmake -E cmake_link_script CMakeFiles/cmTC_716af.dir/link.txt --verbose=1
/usr/bin/cc  -Wall -pedantic -DCHECK_FUNCTION_EXISTS=XOpenDisplay    -rdynamic CMakeFiles/cmTC_716af.dir/CheckFunctionExists.c.o  -o cmTC_716af /usr/lib/libX11.so /usr/lib/libXext.so -lm 
make[1]: Leaving directory '/home/xirov/sdu/dm842/ninja-castle-game/src/freeglut/CMakeFiles/CMakeTmp'


Determining if the function gethostbyname exists passed with the following output:
Change Dir: /home/xirov/sdu/dm842/ninja-castle-game/src/freeglut/CMakeFiles/CMakeTmp

Run Build Command:"/usr/bin/make" "cmTC_23b66/fast"
/usr/bin/make -f CMakeFiles/cmTC_23b66.dir/build.make CMakeFiles/cmTC_23b66.dir/build
make[1]: Entering directory '/home/xirov/sdu/dm842/ninja-castle-game/src/freeglut/CMakeFiles/CMakeTmp'
Building C object CMakeFiles/cmTC_23b66.dir/CheckFunctionExists.c.o
/usr/bin/cc   -Wall -pedantic -DCHECK_FUNCTION_EXISTS=gethostbyname   -o CMakeFiles/cmTC_23b66.dir/CheckFunctionExists.c.o   -c /usr/share/cmake-3.9/Modules/CheckFunctionExists.c
Linking C executable cmTC_23b66
/usr/bin/cmake -E cmake_link_script CMakeFiles/cmTC_23b66.dir/link.txt --verbose=1
/usr/bin/cc  -Wall -pedantic -DCHECK_FUNCTION_EXISTS=gethostbyname    -rdynamic CMakeFiles/cmTC_23b66.dir/CheckFunctionExists.c.o  -o cmTC_23b66 -lm 
make[1]: Leaving directory '/home/xirov/sdu/dm842/ninja-castle-game/src/freeglut/CMakeFiles/CMakeTmp'


Determining if the function connect exists passed with the following output:
Change Dir: /home/xirov/sdu/dm842/ninja-castle-game/src/freeglut/CMakeFiles/CMakeTmp

Run Build Command:"/usr/bin/make" "cmTC_bba8c/fast"
/usr/bin/make -f CMakeFiles/cmTC_bba8c.dir/build.make CMakeFiles/cmTC_bba8c.dir/build
make[1]: Entering directory '/home/xirov/sdu/dm842/ninja-castle-game/src/freeglut/CMakeFiles/CMakeTmp'
Building C object CMakeFiles/cmTC_bba8c.dir/CheckFunctionExists.c.o
/usr/bin/cc   -Wall -pedantic -DCHECK_FUNCTION_EXISTS=connect   -o CMakeFiles/cmTC_bba8c.dir/CheckFunctionExists.c.o   -c /usr/share/cmake-3.9/Modules/CheckFunctionExists.c
Linking C executable cmTC_bba8c
/usr/bin/cmake -E cmake_link_script CMakeFiles/cmTC_bba8c.dir/link.txt --verbose=1
/usr/bin/cc  -Wall -pedantic -DCHECK_FUNCTION_EXISTS=connect    -rdynamic CMakeFiles/cmTC_bba8c.dir/CheckFunctionExists.c.o  -o cmTC_bba8c -lm 
make[1]: Leaving directory '/home/xirov/sdu/dm842/ninja-castle-game/src/freeglut/CMakeFiles/CMakeTmp'


Determining if the function remove exists passed with the following output:
Change Dir: /home/xirov/sdu/dm842/ninja-castle-game/src/freeglut/CMakeFiles/CMakeTmp

Run Build Command:"/usr/bin/make" "cmTC_1ba13/fast"
/usr/bin/make -f CMakeFiles/cmTC_1ba13.dir/build.make CMakeFiles/cmTC_1ba13.dir/build
make[1]: Entering directory '/home/xirov/sdu/dm842/ninja-castle-game/src/freeglut/CMakeFiles/CMakeTmp'
Building C object CMakeFiles/cmTC_1ba13.dir/CheckFunctionExists.c.o
/usr/bin/cc   -Wall -pedantic -DCHECK_FUNCTION_EXISTS=remove   -o CMakeFiles/cmTC_1ba13.dir/CheckFunctionExists.c.o   -c /usr/share/cmake-3.9/Modules/CheckFunctionExists.c
Linking C executable cmTC_1ba13
/usr/bin/cmake -E cmake_link_script CMakeFiles/cmTC_1ba13.dir/link.txt --verbose=1
/usr/bin/cc  -Wall -pedantic -DCHECK_FUNCTION_EXISTS=remove    -rdynamic CMakeFiles/cmTC_1ba13.dir/CheckFunctionExists.c.o  -o cmTC_1ba13 -lm 
make[1]: Leaving directory '/home/xirov/sdu/dm842/ninja-castle-game/src/freeglut/CMakeFiles/CMakeTmp'


Determining if the function shmat exists passed with the following output:
Change Dir: /home/xirov/sdu/dm842/ninja-castle-game/src/freeglut/CMakeFiles/CMakeTmp

Run Build Command:"/usr/bin/make" "cmTC_90cf3/fast"
/usr/bin/make -f CMakeFiles/cmTC_90cf3.dir/build.make CMakeFiles/cmTC_90cf3.dir/build
make[1]: Entering directory '/home/xirov/sdu/dm842/ninja-castle-game/src/freeglut/CMakeFiles/CMakeTmp'
Building C object CMakeFiles/cmTC_90cf3.dir/CheckFunctionExists.c.o
/usr/bin/cc   -Wall -pedantic -DCHECK_FUNCTION_EXISTS=shmat   -o CMakeFiles/cmTC_90cf3.dir/CheckFunctionExists.c.o   -c /usr/share/cmake-3.9/Modules/CheckFunctionExists.c
Linking C executable cmTC_90cf3
/usr/bin/cmake -E cmake_link_script CMakeFiles/cmTC_90cf3.dir/link.txt --verbose=1
/usr/bin/cc  -Wall -pedantic -DCHECK_FUNCTION_EXISTS=shmat    -rdynamic CMakeFiles/cmTC_90cf3.dir/CheckFunctionExists.c.o  -o cmTC_90cf3 -lm 
make[1]: Leaving directory '/home/xirov/sdu/dm842/ninja-castle-game/src/freeglut/CMakeFiles/CMakeTmp'


Determining if the function IceConnectionNumber exists in the ICE passed with the following output:
Change Dir: /home/xirov/sdu/dm842/ninja-castle-game/src/freeglut/CMakeFiles/CMakeTmp

Run Build Command:"/usr/bin/make" "cmTC_3b7d5/fast"
/usr/bin/make -f CMakeFiles/cmTC_3b7d5.dir/build.make CMakeFiles/cmTC_3b7d5.dir/build
make[1]: Entering directory '/home/xirov/sdu/dm842/ninja-castle-game/src/freeglut/CMakeFiles/CMakeTmp'
Building C object CMakeFiles/cmTC_3b7d5.dir/CheckFunctionExists.c.o
/usr/bin/cc   -Wall -pedantic -DCHECK_FUNCTION_EXISTS=IceConnectionNumber   -o CMakeFiles/cmTC_3b7d5.dir/CheckFunctionExists.c.o   -c /usr/share/cmake-3.9/Modules/CheckFunctionExists.c
Linking C executable cmTC_3b7d5
/usr/bin/cmake -E cmake_link_script CMakeFiles/cmTC_3b7d5.dir/link.txt --verbose=1
/usr/bin/cc  -Wall -pedantic -DCHECK_FUNCTION_EXISTS=IceConnectionNumber    -rdynamic CMakeFiles/cmTC_3b7d5.dir/CheckFunctionExists.c.o  -o cmTC_3b7d5 -lICE -lm 
make[1]: Leaving directory '/home/xirov/sdu/dm842/ninja-castle-game/src/freeglut/CMakeFiles/CMakeTmp'


Determining if files /usr/include/X11/extensions/XInput2.h exist passed with the following output:
Change Dir: /home/xirov/sdu/dm842/ninja-castle-game/src/freeglut/CMakeFiles/CMakeTmp

Run Build Command:"/usr/bin/make" "cmTC_aa06d/fast"
/usr/bin/make -f CMakeFiles/cmTC_aa06d.dir/build.make CMakeFiles/cmTC_aa06d.dir/build
make[1]: Entering directory '/home/xirov/sdu/dm842/ninja-castle-game/src/freeglut/CMakeFiles/CMakeTmp'
Building C object CMakeFiles/cmTC_aa06d.dir/CheckIncludeFiles.c.o
/usr/bin/cc   -Wall -pedantic    -o CMakeFiles/cmTC_aa06d.dir/CheckIncludeFiles.c.o   -c /home/xirov/sdu/dm842/ninja-castle-game/src/freeglut/CMakeFiles/CMakeTmp/CheckIncludeFiles.c
Linking C executable cmTC_aa06d
/usr/bin/cmake -E cmake_link_script CMakeFiles/cmTC_aa06d.dir/link.txt --verbose=1
/usr/bin/cc  -Wall -pedantic     -rdynamic CMakeFiles/cmTC_aa06d.dir/CheckIncludeFiles.c.o  -o cmTC_aa06d 
make[1]: Leaving directory '/home/xirov/sdu/dm842/ninja-castle-game/src/freeglut/CMakeFiles/CMakeTmp'


Determining if files sys/types.h exist passed with the following output:
Change Dir: /home/xirov/sdu/dm842/ninja-castle-game/src/freeglut/CMakeFiles/CMakeTmp

Run Build Command:"/usr/bin/make" "cmTC_53c9f/fast"
/usr/bin/make -f CMakeFiles/cmTC_53c9f.dir/build.make CMakeFiles/cmTC_53c9f.dir/build
make[1]: Entering directory '/home/xirov/sdu/dm842/ninja-castle-game/src/freeglut/CMakeFiles/CMakeTmp'
Building C object CMakeFiles/cmTC_53c9f.dir/CheckIncludeFiles.c.o
/usr/bin/cc   -Wall -pedantic    -o CMakeFiles/cmTC_53c9f.dir/CheckIncludeFiles.c.o   -c /home/xirov/sdu/dm842/ninja-castle-game/src/freeglut/CMakeFiles/CMakeTmp/CheckIncludeFiles.c
Linking C executable cmTC_53c9f
/usr/bin/cmake -E cmake_link_script CMakeFiles/cmTC_53c9f.dir/link.txt --verbose=1
/usr/bin/cc  -Wall -pedantic     -rdynamic CMakeFiles/cmTC_53c9f.dir/CheckIncludeFiles.c.o  -o cmTC_53c9f 
make[1]: Leaving directory '/home/xirov/sdu/dm842/ninja-castle-game/src/freeglut/CMakeFiles/CMakeTmp'


Determining if files unistd.h exist passed with the following output:
Change Dir: /home/xirov/sdu/dm842/ninja-castle-game/src/freeglut/CMakeFiles/CMakeTmp

Run Build Command:"/usr/bin/make" "cmTC_094e1/fast"
/usr/bin/make -f CMakeFiles/cmTC_094e1.dir/build.make CMakeFiles/cmTC_094e1.dir/build
make[1]: Entering directory '/home/xirov/sdu/dm842/ninja-castle-game/src/freeglut/CMakeFiles/CMakeTmp'
Building C object CMakeFiles/cmTC_094e1.dir/CheckIncludeFiles.c.o
/usr/bin/cc   -Wall -pedantic    -o CMakeFiles/cmTC_094e1.dir/CheckIncludeFiles.c.o   -c /home/xirov/sdu/dm842/ninja-castle-game/src/freeglut/CMakeFiles/CMakeTmp/CheckIncludeFiles.c
Linking C executable cmTC_094e1
/usr/bin/cmake -E cmake_link_script CMakeFiles/cmTC_094e1.dir/link.txt --verbose=1
/usr/bin/cc  -Wall -pedantic     -rdynamic CMakeFiles/cmTC_094e1.dir/CheckIncludeFiles.c.o  -o cmTC_094e1 
make[1]: Leaving directory '/home/xirov/sdu/dm842/ninja-castle-game/src/freeglut/CMakeFiles/CMakeTmp'


Determining if files sys/time.h exist passed with the following output:
Change Dir: /home/xirov/sdu/dm842/ninja-castle-game/src/freeglut/CMakeFiles/CMakeTmp

Run Build Command:"/usr/bin/make" "cmTC_d5d2f/fast"
/usr/bin/make -f CMakeFiles/cmTC_d5d2f.dir/build.make CMakeFiles/cmTC_d5d2f.dir/build
make[1]: Entering directory '/home/xirov/sdu/dm842/ninja-castle-game/src/freeglut/CMakeFiles/CMakeTmp'
Building C object CMakeFiles/cmTC_d5d2f.dir/CheckIncludeFiles.c.o
/usr/bin/cc   -Wall -pedantic    -o CMakeFiles/cmTC_d5d2f.dir/CheckIncludeFiles.c.o   -c /home/xirov/sdu/dm842/ninja-castle-game/src/freeglut/CMakeFiles/CMakeTmp/CheckIncludeFiles.c
Linking C executable cmTC_d5d2f
/usr/bin/cmake -E cmake_link_script CMakeFiles/cmTC_d5d2f.dir/link.txt --verbose=1
/usr/bin/cc  -Wall -pedantic     -rdynamic CMakeFiles/cmTC_d5d2f.dir/CheckIncludeFiles.c.o  -o cmTC_d5d2f 
make[1]: Leaving directory '/home/xirov/sdu/dm842/ninja-castle-game/src/freeglut/CMakeFiles/CMakeTmp'


Determining if files stdbool.h exist passed with the following output:
Change Dir: /home/xirov/sdu/dm842/ninja-castle-game/src/freeglut/CMakeFiles/CMakeTmp

Run Build Command:"/usr/bin/make" "cmTC_7718c/fast"
/usr/bin/make -f CMakeFiles/cmTC_7718c.dir/build.make CMakeFiles/cmTC_7718c.dir/build
make[1]: Entering directory '/home/xirov/sdu/dm842/ninja-castle-game/src/freeglut/CMakeFiles/CMakeTmp'
Building C object CMakeFiles/cmTC_7718c.dir/CheckIncludeFiles.c.o
/usr/bin/cc   -Wall -pedantic    -o CMakeFiles/cmTC_7718c.dir/CheckIncludeFiles.c.o   -c /home/xirov/sdu/dm842/ninja-castle-game/src/freeglut/CMakeFiles/CMakeTmp/CheckIncludeFiles.c
Linking C executable cmTC_7718c
/usr/bin/cmake -E cmake_link_script CMakeFiles/cmTC_7718c.dir/link.txt --verbose=1
/usr/bin/cc  -Wall -pedantic     -rdynamic CMakeFiles/cmTC_7718c.dir/CheckIncludeFiles.c.o  -o cmTC_7718c 
make[1]: Leaving directory '/home/xirov/sdu/dm842/ninja-castle-game/src/freeglut/CMakeFiles/CMakeTmp'


Determining if files sys/param.h exist passed with the following output:
Change Dir: /home/xirov/sdu/dm842/ninja-castle-game/src/freeglut/CMakeFiles/CMakeTmp

Run Build Command:"/usr/bin/make" "cmTC_015ba/fast"
/usr/bin/make -f CMakeFiles/cmTC_015ba.dir/build.make CMakeFiles/cmTC_015ba.dir/build
make[1]: Entering directory '/home/xirov/sdu/dm842/ninja-castle-game/src/freeglut/CMakeFiles/CMakeTmp'
Building C object CMakeFiles/cmTC_015ba.dir/CheckIncludeFiles.c.o
/usr/bin/cc   -Wall -pedantic    -o CMakeFiles/cmTC_015ba.dir/CheckIncludeFiles.c.o   -c /home/xirov/sdu/dm842/ninja-castle-game/src/freeglut/CMakeFiles/CMakeTmp/CheckIncludeFiles.c
Linking C executable cmTC_015ba
/usr/bin/cmake -E cmake_link_script CMakeFiles/cmTC_015ba.dir/link.txt --verbose=1
/usr/bin/cc  -Wall -pedantic     -rdynamic CMakeFiles/cmTC_015ba.dir/CheckIncludeFiles.c.o  -o cmTC_015ba 
make[1]: Leaving directory '/home/xirov/sdu/dm842/ninja-castle-game/src/freeglut/CMakeFiles/CMakeTmp'


Determining if files sys/ioctl.h exist passed with the following output:
Change Dir: /home/xirov/sdu/dm842/ninja-castle-game/src/freeglut/CMakeFiles/CMakeTmp

Run Build Command:"/usr/bin/make" "cmTC_c8d59/fast"
/usr/bin/make -f CMakeFiles/cmTC_c8d59.dir/build.make CMakeFiles/cmTC_c8d59.dir/build
make[1]: Entering directory '/home/xirov/sdu/dm842/ninja-castle-game/src/freeglut/CMakeFiles/CMakeTmp'
Building C object CMakeFiles/cmTC_c8d59.dir/CheckIncludeFiles.c.o
/usr/bin/cc   -Wall -pedantic    -o CMakeFiles/cmTC_c8d59.dir/CheckIncludeFiles.c.o   -c /home/xirov/sdu/dm842/ninja-castle-game/src/freeglut/CMakeFiles/CMakeTmp/CheckIncludeFiles.c
Linking C executable cmTC_c8d59
/usr/bin/cmake -E cmake_link_script CMakeFiles/cmTC_c8d59.dir/link.txt --verbose=1
/usr/bin/cc  -Wall -pedantic     -rdynamic CMakeFiles/cmTC_c8d59.dir/CheckIncludeFiles.c.o  -o cmTC_c8d59 
make[1]: Leaving directory '/home/xirov/sdu/dm842/ninja-castle-game/src/freeglut/CMakeFiles/CMakeTmp'


Determining if files fcntl.h exist passed with the following output:
Change Dir: /home/xirov/sdu/dm842/ninja-castle-game/src/freeglut/CMakeFiles/CMakeTmp

Run Build Command:"/usr/bin/make" "cmTC_e6caf/fast"
/usr/bin/make -f CMakeFiles/cmTC_e6caf.dir/build.make CMakeFiles/cmTC_e6caf.dir/build
make[1]: Entering directory '/home/xirov/sdu/dm842/ninja-castle-game/src/freeglut/CMakeFiles/CMakeTmp'
Building C object CMakeFiles/cmTC_e6caf.dir/CheckIncludeFiles.c.o
/usr/bin/cc   -Wall -pedantic    -o CMakeFiles/cmTC_e6caf.dir/CheckIncludeFiles.c.o   -c /home/xirov/sdu/dm842/ninja-castle-game/src/freeglut/CMakeFiles/CMakeTmp/CheckIncludeFiles.c
Linking C executable cmTC_e6caf
/usr/bin/cmake -E cmake_link_script CMakeFiles/cmTC_e6caf.dir/link.txt --verbose=1
/usr/bin/cc  -Wall -pedantic     -rdynamic CMakeFiles/cmTC_e6caf.dir/CheckIncludeFiles.c.o  -o cmTC_e6caf 
make[1]: Leaving directory '/home/xirov/sdu/dm842/ninja-castle-game/src/freeglut/CMakeFiles/CMakeTmp'


Determining if the function gettimeofday exists passed with the following output:
Change Dir: /home/xirov/sdu/dm842/ninja-castle-game/src/freeglut/CMakeFiles/CMakeTmp

Run Build Command:"/usr/bin/make" "cmTC_aa7d2/fast"
/usr/bin/make -f CMakeFiles/cmTC_aa7d2.dir/build.make CMakeFiles/cmTC_aa7d2.dir/build
make[1]: Entering directory '/home/xirov/sdu/dm842/ninja-castle-game/src/freeglut/CMakeFiles/CMakeTmp'
Building C object CMakeFiles/cmTC_aa7d2.dir/CheckFunctionExists.c.o
/usr/bin/cc   -Wall -pedantic -DCHECK_FUNCTION_EXISTS=gettimeofday   -o CMakeFiles/cmTC_aa7d2.dir/CheckFunctionExists.c.o   -c /usr/share/cmake-3.9/Modules/CheckFunctionExists.c
Linking C executable cmTC_aa7d2
/usr/bin/cmake -E cmake_link_script CMakeFiles/cmTC_aa7d2.dir/link.txt --verbose=1
/usr/bin/cc  -Wall -pedantic -DCHECK_FUNCTION_EXISTS=gettimeofday    -rdynamic CMakeFiles/cmTC_aa7d2.dir/CheckFunctionExists.c.o  -o cmTC_aa7d2 -lm 
make[1]: Leaving directory '/home/xirov/sdu/dm842/ninja-castle-game/src/freeglut/CMakeFiles/CMakeTmp'


Determining if files stdint.h exist passed with the following output:
Change Dir: /home/xirov/sdu/dm842/ninja-castle-game/src/freeglut/CMakeFiles/CMakeTmp

Run Build Command:"/usr/bin/make" "cmTC_e353e/fast"
/usr/bin/make -f CMakeFiles/cmTC_e353e.dir/build.make CMakeFiles/cmTC_e353e.dir/build
make[1]: Entering directory '/home/xirov/sdu/dm842/ninja-castle-game/src/freeglut/CMakeFiles/CMakeTmp'
Building C object CMakeFiles/cmTC_e353e.dir/CheckIncludeFiles.c.o
/usr/bin/cc   -Wall -pedantic    -o CMakeFiles/cmTC_e353e.dir/CheckIncludeFiles.c.o   -c /home/xirov/sdu/dm842/ninja-castle-game/src/freeglut/CMakeFiles/CMakeTmp/CheckIncludeFiles.c
Linking C executable cmTC_e353e
/usr/bin/cmake -E cmake_link_script CMakeFiles/cmTC_e353e.dir/link.txt --verbose=1
/usr/bin/cc  -Wall -pedantic     -rdynamic CMakeFiles/cmTC_e353e.dir/CheckIncludeFiles.c.o  -o cmTC_e353e 
make[1]: Leaving directory '/home/xirov/sdu/dm842/ninja-castle-game/src/freeglut/CMakeFiles/CMakeTmp'


Determining if files inttypes.h exist passed with the following output:
Change Dir: /home/xirov/sdu/dm842/ninja-castle-game/src/freeglut/CMakeFiles/CMakeTmp

Run Build Command:"/usr/bin/make" "cmTC_0b150/fast"
/usr/bin/make -f CMakeFiles/cmTC_0b150.dir/build.make CMakeFiles/cmTC_0b150.dir/build
make[1]: Entering directory '/home/xirov/sdu/dm842/ninja-castle-game/src/freeglut/CMakeFiles/CMakeTmp'
Building C object CMakeFiles/cmTC_0b150.dir/CheckIncludeFiles.c.o
/usr/bin/cc   -Wall -pedantic    -o CMakeFiles/cmTC_0b150.dir/CheckIncludeFiles.c.o   -c /home/xirov/sdu/dm842/ninja-castle-game/src/freeglut/CMakeFiles/CMakeTmp/CheckIncludeFiles.c
Linking C executable cmTC_0b150
/usr/bin/cmake -E cmake_link_script CMakeFiles/cmTC_0b150.dir/link.txt --verbose=1
/usr/bin/cc  -Wall -pedantic     -rdynamic CMakeFiles/cmTC_0b150.dir/CheckIncludeFiles.c.o  -o cmTC_0b150 
make[1]: Leaving directory '/home/xirov/sdu/dm842/ninja-castle-game/src/freeglut/CMakeFiles/CMakeTmp'


